Build started 2016-01-26 13:01:59.
     1>Project "\\hsnas6\StudentHome\2015\a15axeka\Documents\GitHub\LevelHandler\LevelHandler\LevelHandler\LevelHandler\LevelHandler.vcxproj" on node 2 (Build target(s)).
     1>ClCompile:
         C:\Program Files (x86)\Microsoft Visual Studio 12.0\VC\bin\CL.exe /c /I"\\hsnas6\StudentHome\2015\a15axeka\Downloads\SFML-2.3.2-windows-vc12-32-bit\SFML-2.3.2\include" /ZI /nologo /W3 /WX- /sdl /Od /Oy- /D WIN32 /D _DEBUG /D _CONSOLE /D _LIB /D _UNICODE /D UNICODE /Gm /EHsc /RTC1 /MDd /GS /fp:precise /Zc:wchar_t /Zc:forScope /Fo"Debug\\" /Fd"Debug\vc120.pdb" /Gd /TP /analyze- /errorReport:prompt Entity.cpp Level.cpp LevelManager.cpp Main.cpp TextureHandler.cpp Tile.cpp
         Tile.cpp
     1>\\hsnas6\studenthome\2015\a15axeka\documents\github\levelhandler\levelhandler\levelhandler\levelhandler\tile.cpp(15): warning C4244: 'argument' : conversion from 'double' to 'int', possible loss of data
     1>\\hsnas6\studenthome\2015\a15axeka\documents\github\levelhandler\levelhandler\levelhandler\levelhandler\tile.cpp(27): warning C4244: 'argument' : conversion from 'int' to 'float', possible loss of data
         TextureHandler.cpp
         Main.cpp
         LevelManager.cpp
     1>\\hsnas6\studenthome\2015\a15axeka\documents\github\levelhandler\levelhandler\levelhandler\levelhandler\levelmanager.cpp(38): warning C4018: '<' : signed/unsigned mismatch
         Level.cpp
         Entity.cpp
         Generating Code...
     1>\\hsnas6\studenthome\2015\a15axeka\documents\github\levelhandler\levelhandler\levelhandler\levelhandler\texturehandler.cpp(31): warning C4715: 'TextureHandler::GetTexture' : not all control paths return a value
       Link:
         C:\Program Files (x86)\Microsoft Visual Studio 12.0\VC\bin\link.exe /ERRORREPORT:PROMPT /OUT:"\\hsnas6\StudentHome\2015\a15axeka\Documents\GitHub\LevelHandler\LevelHandler\LevelHandler\Debug\LevelHandler.exe" /INCREMENTAL /NOLOGO /LIBPATH:"\\hsnas6\StudentHome\2015\a15axeka\Downloads\SFML-2.3.2-windows-vc12-32-bit\SFML-2.3.2\lib" "sfml-system-d.lib" "sfml-window-d.lib" "sfml-graphics-d.lib" kernel32.lib user32.lib gdi32.lib winspool.lib comdlg32.lib advapi32.lib shell32.lib ole32.lib oleaut32.lib uuid.lib odbc32.lib odbccp32.lib /MANIFEST /MANIFESTUAC:"level='asInvoker' uiAccess='false'" /manifest:embed /DEBUG /PDB:"\\hsnas6\StudentHome\2015\a15axeka\Documents\GitHub\LevelHandler\LevelHandler\LevelHandler\Debug\LevelHandler.pdb" /SUBSYSTEM:CONSOLE /TLBID:1 /DYNAMICBASE /NXCOMPAT /IMPLIB:"\\hsnas6\StudentHome\2015\a15axeka\Documents\GitHub\LevelHandler\LevelHandler\LevelHandler\Debug\LevelHandler.lib" /MACHINE:X86 Debug\Entity.obj
         Debug\Level.obj
         Debug\LevelManager.obj
         Debug\Main.obj
         Debug\TextureHandler.obj
         Debug\Tile.obj
         LevelHandler.vcxproj -> \\hsnas6\StudentHome\2015\a15axeka\Documents\GitHub\LevelHandler\LevelHandler\LevelHandler\Debug\LevelHandler.exe
     1>Done Building Project "\\hsnas6\StudentHome\2015\a15axeka\Documents\GitHub\LevelHandler\LevelHandler\LevelHandler\LevelHandler\LevelHandler.vcxproj" (Build target(s)).

Build succeeded.

Time Elapsed 00:00:15.98
